#
# There is insufficient memory for the Java Runtime Environment to continue.
# Native memory allocation (mmap) failed to map 266338304 bytes for G1 virtual space
# Possible reasons:
#   The system is out of physical RAM or swap space
#   The process is running with CompressedOops enabled, and the Java Heap may be blocking the growth of the native heap
# Possible solutions:
#   Reduce memory load on the system
#   Increase physical memory or swap space
#   Check if swap backing store is full
#   Decrease Java heap size (-Xmx/-Xms)
#   Decrease number of Java threads
#   Decrease Java thread stack sizes (-Xss)
#   Set larger code cache with -XX:ReservedCodeCacheSize=
#   JVM is running with Zero Based Compressed Oops mode in which the Java heap is
#     placed in the first 32GB address space. The Java Heap base address is the
#     maximum limit for the native heap growth. Please use -XX:HeapBaseMinAddress
#     to set the Java Heap base and to place the Java Heap above 32GB virtual address.
# This output file may be truncated or incomplete.
#
#  Out of Memory Error (os_windows.cpp:3466), pid=25576, tid=10236
#
# JRE version:  (16.0.2+7) (build )
# Java VM: Java HotSpot(TM) 64-Bit Server VM (16.0.2+7-67, mixed mode, sharing, tiered, compressed oops, compressed class ptrs, g1 gc, windows-amd64)
# No core dump will be written. Minidumps are not enabled by default on client versions of Windows
#

---------------  S U M M A R Y ------------

Command Line: -Dfile.encoding=UTF-8 -XX:+ShowCodeDetailsInExceptionMessages DailyPractice.获取邮箱名字8_25

Host: Intel(R) Core(TM) i5-10400 CPU @ 2.90GHz, 12 cores, 15G,  Windows 10 , 64 bit Build 19041 (10.0.19041.1151)
Time: Tue Aug 31 10:39:23 2021  Windows 10 , 64 bit Build 19041 (10.0.19041.1151) elapsed time: 0.011557 seconds (0d 0h 0m 0s)

---------------  T H R E A D  ---------------

Current thread (0x0000024878d77e10):  JavaThread "Unknown thread" [_thread_in_vm, id=10236, stack(0x000000a1f0200000,0x000000a1f0300000)]

Stack: [0x000000a1f0200000,0x000000a1f0300000]
Native frames: (J=compiled Java code, j=interpreted, Vv=VM code, C=native code)
V  [jvm.dll+0x6681ca]
V  [jvm.dll+0x7c9e69]
V  [jvm.dll+0x7cb61e]
V  [jvm.dll+0x7cbc73]
V  [jvm.dll+0x242c55]
V  [jvm.dll+0x664f89]
V  [jvm.dll+0x659b75]
V  [jvm.dll+0x2fbfbb]
V  [jvm.dll+0x3031b6]
V  [jvm.dll+0x35299e]
V  [jvm.dll+0x352bcf]
V  [jvm.dll+0x2d3028]
V  [jvm.dll+0x2d4264]
V  [jvm.dll+0x79c741]
V  [jvm.dll+0x360791]
V  [jvm.dll+0x77a3f0]
V  [jvm.dll+0x3e4e8f]
V  [jvm.dll+0x3e6961]
C  [jli.dll+0x52fb]
C  [ucrtbase.dll+0x21bb2]
C  [KERNEL32.DLL+0x17034]
C  [ntdll.dll+0x52651]


---------------  P R O C E S S  ---------------

Threads class SMR info:
_java_thread_list=0x00007ffe79bfcbb8, length=0, elements={
}

Java Threads: ( => current thread )

Other Threads:
  0x0000024878dc7540 GCTaskThread "GC Thread#0" [stack: 0x000000a1f0300000,0x000000a1f0400000] [id=5924]
  0x0000024878ddad90 ConcurrentGCThread "G1 Main Marker" [stack: 0x000000a1f0400000,0x000000a1f0500000] [id=24036]
  0x0000024878ddb790 ConcurrentGCThread "G1 Conc#0" [stack: 0x000000a1f0500000,0x000000a1f0600000] [id=24780]

[error occurred during error reporting (printing all threads), id 0xc0000005, EXCEPTION_ACCESS_VIOLATION (0xc0000005) at pc=0x00007ffe793d3ee7]

VM state: not at safepoint (not fully initialized)

VM Mutex/Monitor currently owned by a thread:  ([mutex/lock_event])
[0x0000024878d73990] Heap_lock - owner thread: 0x0000024878d77e10

Heap address: 0x0000000703400000, size: 4044 MB, Compressed Oops mode: Zero based, Oop shift amount: 3

CDS archive(s) mapped at: [0x0000000000000000-0x0000000000000000-0x0000000000000000), size 0, SharedBaseAddress: 0x0000000800000000, ArchiveRelocationMode: 0.
Narrow klass base: 0x0000000000000000, Narrow klass shift: 0, Narrow klass range: 0x0

GC Precious Log:
<Empty>

Heap:
 garbage-first heap   total 0K, used 0K [0x0000000703400000, 0x0000000800000000)
  region size 2048K, 0 young (0K), 0 survivors (0K)

[error occurred during error reporting (printing heap information), id 0xc0000005, EXCEPTION_ACCESS_VIOLATION (0xc0000005) at pc=0x00007ffe797b1eed]

GC Heap History (0 events):
No events

Deoptimization events (0 events):
No events

Classes unloaded (0 events):
No events

Classes redefined (0 events):
No events

Internal exceptions (0 events):
No events

Events (1 events):
Event: 0.007 Loaded shared library D:\Java\jdk-16.0.2\bin\java.dll


Dynamic libraries:
0x00007ff64ded0000 - 0x00007ff64dee0000 	D:\Java\jdk-16.0.2\bin\javaw.exe
0x00007ffed2eb0000 - 0x00007ffed30a5000 	C:\WINDOWS\SYSTEM32\ntdll.dll
0x00007ffed2c30000 - 0x00007ffed2ced000 	C:\WINDOWS\System32\KERNEL32.DLL
0x00007ffed0610000 - 0x00007ffed08d9000 	C:\WINDOWS\System32\KERNELBASE.dll
0x00007ffed0a40000 - 0x00007ffed0b40000 	C:\WINDOWS\System32\ucrtbase.dll
0x00007ffecb6c0000 - 0x00007ffecb6d9000 	D:\Java\jdk-16.0.2\bin\VCRUNTIME140.dll
0x00007ffecb660000 - 0x00007ffecb678000 	D:\Java\jdk-16.0.2\bin\jli.dll
0x00007ffed21b0000 - 0x00007ffed225c000 	C:\WINDOWS\System32\ADVAPI32.dll
0x00007ffed19f0000 - 0x00007ffed1a8e000 	C:\WINDOWS\System32\msvcrt.dll
0x00007ffed23e0000 - 0x00007ffed247b000 	C:\WINDOWS\System32\sechost.dll
0x00007ffed1560000 - 0x00007ffed168a000 	C:\WINDOWS\System32\RPCRT4.dll
0x00007ffed1060000 - 0x00007ffed1200000 	C:\WINDOWS\System32\USER32.dll
0x00007ffed05e0000 - 0x00007ffed0602000 	C:\WINDOWS\System32\win32u.dll
0x00007ffed2180000 - 0x00007ffed21aa000 	C:\WINDOWS\System32\GDI32.dll
0x00007ffed08e0000 - 0x00007ffed09eb000 	C:\WINDOWS\System32\gdi32full.dll
0x00007ffebeba0000 - 0x00007ffebee3a000 	C:\WINDOWS\WinSxS\amd64_microsoft.windows.common-controls_6595b64144ccf1df_6.0.19041.1110_none_60b5254171f9507e\COMCTL32.dll
0x00007ffed0d80000 - 0x00007ffed0e1d000 	C:\WINDOWS\System32\msvcp_win.dll
0x00007ffec7bf0000 - 0x00007ffec7bfa000 	C:\WINDOWS\SYSTEM32\VERSION.dll
0x00007ffed1fc0000 - 0x00007ffed1ff0000 	C:\WINDOWS\System32\IMM32.DLL
0x00007ffecbe40000 - 0x00007ffecbe4c000 	D:\Java\jdk-16.0.2\bin\vcruntime140_1.dll
0x00007ffebdcc0000 - 0x00007ffebdd51000 	D:\Java\jdk-16.0.2\bin\msvcp140.dll
0x00007ffe790f0000 - 0x00007ffe79c9b000 	D:\Java\jdk-16.0.2\bin\server\jvm.dll
0x00007ffed0f10000 - 0x00007ffed0f18000 	C:\WINDOWS\System32\PSAPI.DLL
0x00007ffecb9f0000 - 0x00007ffecb9f9000 	C:\WINDOWS\SYSTEM32\WSOCK32.dll
0x00007ffeb5440000 - 0x00007ffeb5467000 	C:\WINDOWS\SYSTEM32\WINMM.dll
0x00007ffed2bc0000 - 0x00007ffed2c2b000 	C:\WINDOWS\System32\WS2_32.dll
0x00007ffece410000 - 0x00007ffece422000 	C:\WINDOWS\SYSTEM32\kernel.appcore.dll
0x00007ffecb610000 - 0x00007ffecb61a000 	D:\Java\jdk-16.0.2\bin\jimage.dll
0x00007ffec6b10000 - 0x00007ffec6cf4000 	C:\WINDOWS\SYSTEM32\DBGHELP.DLL
0x00007ffec6290000 - 0x00007ffec62bc000 	C:\WINDOWS\SYSTEM32\dbgcore.DLL
0x00007ffed0e20000 - 0x00007ffed0ea3000 	C:\WINDOWS\System32\bcryptPrimitives.dll
0x00007ffec9eb0000 - 0x00007ffec9ed5000 	D:\Java\jdk-16.0.2\bin\java.dll

dbghelp: loaded successfully - version: 4.0.5 - missing functions: none
symbol engine: initialized successfully - sym options: 0x614 - pdb path: .;D:\Java\jdk-16.0.2\bin;C:\WINDOWS\SYSTEM32;C:\WINDOWS\WinSxS\amd64_microsoft.windows.common-controls_6595b64144ccf1df_6.0.19041.1110_none_60b5254171f9507e;D:\Java\jdk-16.0.2\bin\server

VM Arguments:
jvm_args: -Dfile.encoding=UTF-8 -XX:+ShowCodeDetailsInExceptionMessages 
java_command: DailyPractice.获取邮箱名字8_25
java_class_path (initial): D:\My_Java\src\DailyPractice\bin
Launcher Type: SUN_STANDARD

[Global flags]
     intx CICompilerCount                          = 4                                         {product} {ergonomic}
     uint ConcGCThreads                            = 3                                         {product} {ergonomic}
     uint G1ConcRefinementThreads                  = 10                                        {product} {ergonomic}
   size_t G1HeapRegionSize                         = 2097152                                   {product} {ergonomic}
    uintx GCDrainStackTargetSize                   = 64                                        {product} {ergonomic}
   size_t InitialHeapSize                          = 266338304                                 {product} {ergonomic}
   size_t MarkStackSize                            = 4194304                                   {product} {ergonomic}
   size_t MaxHeapSize                              = 4240441344                                {product} {ergonomic}
   size_t MinHeapDeltaBytes                        = 2097152                                   {product} {ergonomic}
   size_t MinHeapSize                              = 8388608                                   {product} {ergonomic}
    uintx NonNMethodCodeHeapSize                   = 5839372                                {pd product} {ergonomic}
    uintx NonProfiledCodeHeapSize                  = 122909434                              {pd product} {ergonomic}
    uintx ProfiledCodeHeapSize                     = 122909434                              {pd product} {ergonomic}
    uintx ReservedCodeCacheSize                    = 251658240                              {pd product} {ergonomic}
     bool SegmentedCodeCache                       = true                                      {product} {ergonomic}
     bool ShowCodeDetailsInExceptionMessages       = true                                   {manageable} {command line}
   size_t SoftMaxHeapSize                          = 4240441344                             {manageable} {ergonomic}
     bool UseCompressedClassPointers               = true                           {product lp64_product} {ergonomic}
     bool UseCompressedOops                        = true                           {product lp64_product} {ergonomic}
     bool UseG1GC                                  = true                                      {product} {ergonomic}
     bool UseLargePagesIndividualAllocation        = false                                  {pd product} {ergonomic}

Logging:
Log output configuration:
 #0: stdout all=warning uptime,level,tags
 #1: stderr all=off uptime,level,tags

Environment Variables:
JAVA_HOME=D:\Java\jdk-16.0.2
PATH=C:\Program Files\Common Files\Oracle\Java\javapath;C:\Windows\system32;C:\Windows;C:\Windows\System32\Wbem;C:\Windows\System32\WindowsPowerShell\v1.0\;C:\Windows\System32\OpenSSH\;C:\Program Files (x86)\NVIDIA Corporation\PhysX\Common;C:\Program Files\NVIDIA Corporation\NVIDIA NvDLISR;C:\Program Files\dotnet\;C:\WINDOWS\system32;C:\WINDOWS;C:\WINDOWS\System32\Wbem;C:\WINDOWS\System32\WindowsPowerShell\v1.0\;C:\WINDOWS\System32\OpenSSH\;D:\Java\jdk-16.0.2\bin;D:\Java\jdk-16.0.2\jre\bin;C:\Users\zh\AppData\Local\Microsoft\WindowsApps;C:\Users\zh\.dotnet\tools;
USERNAME=zh
OS=Windows_NT
PROCESSOR_IDENTIFIER=Intel64 Family 6 Model 165 Stepping 3, GenuineIntel



---------------  S Y S T E M  ---------------

OS:
 Windows 10 , 64 bit Build 19041 (10.0.19041.1151)
OS uptime: 19 days 16:00 hours

CPU: total 12 (initial active 12) (6 cores per cpu, 2 threads per core) family 6 model 165 stepping 3 microcode 0xe0, cx8, cmov, fxsr, ht, mmx, 3dnowpref, sse, sse2, sse3, ssse3, sse4.1, sse4.2, popcnt, lzcnt, tsc, tscinvbit, avx, avx2, aes, erms, clmul, bmi1, bmi2, adx, fma, vzeroupper, clflush, clflushopt

Memory: 4k page, system-wide physical 16168M (7591M free)
TotalPageFile size 28968M (AvailPageFile size 9M)
current process WorkingSet (physical memory assigned to process): 10M, peak: 10M
current process commit charge ("private bytes"): 64M, peak: 318M

vm_info: Java HotSpot(TM) 64-Bit Server VM (16.0.2+7-67) for windows-amd64 JRE (16.0.2+7-67), built on Jun  8 2021 23:24:19 by "mach5one" with MS VC++ 16.7 (VS2019)

END.
